[26-Oct-2017 14:29:48 Asia/Tokyo] PHP Parse error:  syntax error, unexpected ',' in /home/ubuntu/workspace/crecamania/storage/framework/views/99d10eed20730aba90d00e8fd84d2f0b on line 38
[26-Oct-2017 14:29:48 Asia/Tokyo] PHP Stack trace:
[26-Oct-2017 14:29:48 Asia/Tokyo] PHP   1. {main}() /home/ubuntu/workspace/crecamania/server.php:0
[26-Oct-2017 14:29:48 Asia/Tokyo] PHP   2. require_once() /home/ubuntu/workspace/crecamania/server.php:21
[26-Oct-2017 14:29:48 Asia/Tokyo] PHP   3. Illuminate\Foundation\Http\Kernel->handle() /home/ubuntu/workspace/crecamania/public/index.php:54
[26-Oct-2017 14:29:48 Asia/Tokyo] PHP   4. Illuminate\Foundation\Http\Kernel->sendRequestThroughRouter() /home/ubuntu/workspace/crecamania/vendor/laravel/framework/src/Illuminate/Foundation/Http/Kernel.php:87
[26-Oct-2017 14:29:48 Asia/Tokyo] PHP   5. Illuminate\Pipeline\Pipeline->then() /home/ubuntu/workspace/crecamania/vendor/laravel/framework/src/Illuminate/Foundation/Http/Kernel.php:122
[26-Oct-2017 14:29:48 Asia/Tokyo] PHP   6. call_user_func:{/home/ubuntu/workspace/crecamania/vendor/laravel/framework/src/Illuminate/Pipeline/Pipeline.php:103}() /home/ubuntu/workspace/crecamania/vendor/laravel/framework/src/Illuminate/Pipeline/Pipeline.php:103
[26-Oct-2017 14:29:48 Asia/Tokyo] PHP   7. Illuminate\Pipeline\Pipeline->Illuminate\Pipeline\{closure}() /home/ubuntu/workspace/crecamania/vendor/laravel/framework/src/Illuminate/Pipeline/Pipeline.php:103
[26-Oct-2017 14:29:48 Asia/Tokyo] PHP   8. call_user_func_array:{/home/ubuntu/workspace/crecamania/vendor/laravel/framework/src/Illuminate/Pipeline/Pipeline.php:124}() /home/ubuntu/workspace/crecamania/vendor/laravel/framework/src/Illuminate/Pipeline/Pipeline.php:124
[26-Oct-2017 14:29:48 Asia/Tokyo] PHP   9. Illuminate\Foundation\Http\Middleware\CheckForMaintenanceMode->handle() /home/ubuntu/workspace/crecamania/vendor/laravel/framework/src/Illuminate/Pipeline/Pipeline.php:124
[26-Oct-2017 14:29:48 Asia/Tokyo] PHP  10. Illuminate\Pipeline\Pipeline->Illuminate\Pipeline\{closure}() /home/ubuntu/workspace/crecamania/vendor/laravel/framework/src/Illuminate/Foundation/Http/Middleware/CheckForMaintenanceMode.php:44
[26-Oct-2017 14:29:48 Asia/Tokyo] PHP  11. call_user_func_array:{/home/ubuntu/workspace/crecamania/vendor/laravel/framework/src/Illuminate/Pipeline/Pipeline.php:124}() /home/ubuntu/workspace/crecamania/vendor/laravel/framework/src/Illuminate/Pipeline/Pipeline.php:124
[26-Oct-2017 14:29:48 Asia/Tokyo] PHP  12. Illuminate\Cookie\Middleware\EncryptCookies->handle() /home/ubuntu/workspace/crecamania/vendor/laravel/framework/src/Illuminate/Pipeline/Pipeline.php:124
[26-Oct-2017 14:29:48 Asia/Tokyo] PHP  13. Illuminate\Pipeline\Pipeline->Illuminate\Pipeline\{closure}() /home/ubuntu/workspace/crecamania/vendor/laravel/framework/src/Illuminate/Cookie/Middleware/EncryptCookies.php:59
[26-Oct-2017 14:29:48 Asia/Tokyo] PHP  14. call_user_func_array:{/home/ubuntu/workspace/crecamania/vendor/laravel/framework/src/Illuminate/Pipeline/Pipeline.php:124}() /home/ubuntu/workspace/crecamania/vendor/laravel/framework/src/Illuminate/Pipeline/Pipeline.php:124
[26-Oct-2017 14:29:48 Asia/Tokyo] PHP  15. Illuminate\Cookie\Middleware\AddQueuedCookiesToResponse->handle() /home/ubuntu/workspace/crecamania/vendor/laravel/framework/src/Illuminate/Pipeline/Pipeline.php:124
[26-Oct-2017 14:29:48 Asia/Tokyo] PHP  16. Illuminate\Pipeline\Pipeline->Illuminate\Pipeline\{closure}() /home/ubuntu/workspace/crecamania/vendor/laravel/framework/src/Illuminate/Cookie/Middleware/AddQueuedCookiesToResponse.php:37
[26-Oct-2017 14:29:48 Asia/Tokyo] PHP  17. call_user_func_array:{/home/ubuntu/workspace/crecamania/vendor/laravel/framework/src/Illuminate/Pipeline/Pipeline.php:124}() /home/ubuntu/workspace/crecamania/vendor/laravel/framework/src/Illuminate/Pipeline/Pipeline.php:124
[26-Oct-2017 14:29:48 Asia/Tokyo] PHP  18. Illuminate\Session\Middleware\StartSession->handle() /home/ubuntu/workspace/crecamania/vendor/laravel/framework/src/Illuminate/Pipeline/Pipeline.php:124
[26-Oct-2017 14:29:48 Asia/Tokyo] PHP  19. Illuminate\Pipeline\Pipeline->Illuminate\Pipeline\{closure}() /home/ubuntu/workspace/crecamania/vendor/laravel/framework/src/Illuminate/Session/Middleware/StartSession.php:62
[26-Oct-2017 14:29:48 Asia/Tokyo] PHP  20. call_user_func_array:{/home/ubuntu/workspace/crecamania/vendor/laravel/framework/src/Illuminate/Pipeline/Pipeline.php:124}() /home/ubuntu/workspace/crecamania/vendor/laravel/framework/src/Illuminate/Pipeline/Pipeline.php:124
[26-Oct-2017 14:29:48 Asia/Tokyo] PHP  21. Illuminate\View\Middleware\ShareErrorsFromSession->handle() /home/ubuntu/workspace/crecamania/vendor/laravel/framework/src/Illuminate/Pipeline/Pipeline.php:124
[26-Oct-2017 14:29:48 Asia/Tokyo] PHP  22. Illuminate\Pipeline\Pipeline->Illuminate\Pipeline\{closure}() /home/ubuntu/workspace/crecamania/vendor/laravel/framework/src/Illuminate/View/Middleware/ShareErrorsFromSession.php:49
[26-Oct-2017 14:29:48 Asia/Tokyo] PHP  23. call_user_func_array:{/home/ubuntu/workspace/crecamania/vendor/laravel/framework/src/Illuminate/Pipeline/Pipeline.php:124}() /home/ubuntu/workspace/crecamania/vendor/laravel/framework/src/Illuminate/Pipeline/Pipeline.php:124
[26-Oct-2017 14:29:48 Asia/Tokyo] PHP  24. Illuminate\Foundation\Http\Middleware\VerifyCsrfToken->handle() /home/ubuntu/workspace/crecamania/vendor/laravel/framework/src/Illuminate/Pipeline/Pipeline.php:124
[26-Oct-2017 14:29:48 Asia/Tokyo] PHP  25. Illuminate\Pipeline\Pipeline->Illuminate\Pipeline\{closure}() /home/ubuntu/workspace/crecamania/vendor/laravel/framework/src/Illuminate/Foundation/Http/Middleware/VerifyCsrfToken.php:50
[26-Oct-2017 14:29:48 Asia/Tokyo] PHP  26. call_user_func:{/home/ubuntu/workspace/crecamania/vendor/laravel/framework/src/Illuminate/Pipeline/Pipeline.php:139}() /home/ubuntu/workspace/crecamania/vendor/laravel/framework/src/Illuminate/Pipeline/Pipeline.php:139
[26-Oct-2017 14:29:48 Asia/Tokyo] PHP  27. Illuminate\Foundation\Http\Kernel->Illuminate\Foundation\Http\{closure}() /home/ubuntu/workspace/crecamania/vendor/laravel/framework/src/Illuminate/Pipeline/Pipeline.php:139
[26-Oct-2017 14:29:48 Asia/Tokyo] PHP  28. Illuminate\Routing\Router->dispatch() /home/ubuntu/workspace/crecamania/vendor/laravel/framework/src/Illuminate/Foundation/Http/Kernel.php:236
[26-Oct-2017 14:29:48 Asia/Tokyo] PHP  29. Illuminate\Routing\Router->dispatchToRoute() /home/ubuntu/workspace/crecamania/vendor/laravel/framework/src/Illuminate/Routing/Router.php:635
[26-Oct-2017 14:29:48 Asia/Tokyo] PHP  30. Illuminate\Routing\Router->runRouteWithinStack() /home/ubuntu/workspace/crecamania/vendor/laravel/framework/src/Illuminate/Routing/Router.php:675
[26-Oct-2017 14:29:48 Asia/Tokyo] PHP  31. Illuminate\Pipeline\Pipeline->then() /home/ubuntu/workspace/crecamania/vendor/laravel/framework/src/Illuminate/Routing/Router.php:710
[26-Oct-2017 14:29:48 Asia/Tokyo] PHP  32. call_user_func:{/home/ubuntu/workspace/crecamania/vendor/laravel/framework/src/Illuminate/Pipeline/Pipeline.php:103}() /home/ubuntu/workspace/crecamania/vendor/laravel/framework/src/Illuminate/Pipeline/Pipeline.php:103
[26-Oct-2017 14:29:48 Asia/Tokyo] PHP  33. Illuminate\Pipeline\Pipeline->Illuminate\Pipeline\{closure}() /home/ubuntu/workspace/crecamania/vendor/laravel/framework/src/Illuminate/Pipeline/Pipeline.php:103
[26-Oct-2017 14:29:48 Asia/Tokyo] PHP  34. call_user_func:{/home/ubuntu/workspace/crecamania/vendor/laravel/framework/src/Illuminate/Pipeline/Pipeline.php:139}() /home/ubuntu/workspace/crecamania/vendor/laravel/framework/src/Illuminate/Pipeline/Pipeline.php:139
[26-Oct-2017 14:29:48 Asia/Tokyo] PHP  35. Illuminate\Routing\Router->Illuminate\Routing\{closure}() /home/ubuntu/workspace/crecamania/vendor/laravel/framework/src/Illuminate/Pipeline/Pipeline.php:139
[26-Oct-2017 14:29:48 Asia/Tokyo] PHP  36. Illuminate\Routing\Route->run() /home/ubuntu/workspace/crecamania/vendor/laravel/framework/src/Illuminate/Routing/Router.php:708
[26-Oct-2017 14:29:48 Asia/Tokyo] PHP  37. Illuminate\Routing\Route->runWithCustomDispatcher() /home/ubuntu/workspace/crecamania/vendor/laravel/framework/src/Illuminate/Routing/Route.php:134
[26-Oct-2017 14:29:48 Asia/Tokyo] PHP  38. Illuminate\Routing\ControllerDispatcher->dispatch() /home/ubuntu/workspace/crecamania/vendor/laravel/framework/src/Illuminate/Routing/Route.php:203
[26-Oct-2017 14:29:48 Asia/Tokyo] PHP  39. Illuminate\Routing\ControllerDispatcher->callWithinStack() /home/ubuntu/workspace/crecamania/vendor/laravel/framework/src/Illuminate/Routing/ControllerDispatcher.php:69
[26-Oct-2017 14:29:48 Asia/Tokyo] PHP  40. Illuminate\Pipeline\Pipeline->then() /home/ubuntu/workspace/crecamania/vendor/laravel/framework/src/Illuminate/Routing/ControllerDispatcher.php:114
[26-Oct-2017 14:29:48 Asia/Tokyo] PHP  41. call_user_func:{/home/ubuntu/workspace/crecamania/vendor/laravel/framework/src/Illuminate/Pipeline/Pipeline.php:103}() /home/ubuntu/workspace/crecamania/vendor/laravel/framework/src/Illuminate/Pipeline/Pipeline.php:103
[26-Oct-2017 14:29:48 Asia/Tokyo] PHP  42. Illuminate\Pipeline\Pipeline->Illuminate\Pipeline\{closure}() /home/ubuntu/workspace/crecamania/vendor/laravel/framework/src/Illuminate/Pipeline/Pipeline.php:103
[26-Oct-2017 14:29:48 Asia/Tokyo] PHP  43. call_user_func:{/home/ubuntu/workspace/crecamania/vendor/laravel/framework/src/Illuminate/Pipeline/Pipeline.php:139}() /home/ubuntu/workspace/crecamania/vendor/laravel/framework/src/Illuminate/Pipeline/Pipeline.php:139
[26-Oct-2017 14:29:48 Asia/Tokyo] PHP  44. Illuminate\Routing\ControllerDispatcher->Illuminate\Routing\{closure}() /home/ubuntu/workspace/crecamania/vendor/laravel/framework/src/Illuminate/Pipeline/Pipeline.php:139
[26-Oct-2017 14:29:48 Asia/Tokyo] PHP  45. Illuminate\Routing\Router->prepareResponse() /home/ubuntu/workspace/crecamania/vendor/laravel/framework/src/Illuminate/Routing/ControllerDispatcher.php:113
[26-Oct-2017 14:29:48 Asia/Tokyo] PHP  46. Symfony\Component\HttpFoundation\Response->__construct() /home/ubuntu/workspace/crecamania/vendor/laravel/framework/src/Illuminate/Routing/Router.php:1229
[26-Oct-2017 14:29:48 Asia/Tokyo] PHP  47. Illuminate\Http\Response->setContent() /home/ubuntu/workspace/crecamania/vendor/symfony/http-foundation/Response.php:200
[26-Oct-2017 14:29:48 Asia/Tokyo] PHP  48. Illuminate\View\View->render() /home/ubuntu/workspace/crecamania/vendor/laravel/framework/src/Illuminate/Http/Response.php:51
[26-Oct-2017 14:29:48 Asia/Tokyo] PHP  49. Illuminate\View\View->renderContents() /home/ubuntu/workspace/crecamania/vendor/laravel/framework/src/Illuminate/View/View.php:83
[26-Oct-2017 14:29:48 Asia/Tokyo] PHP  50. Illuminate\View\View->getContents() /home/ubuntu/workspace/crecamania/vendor/laravel/framework/src/Illuminate/View/View.php:118
[26-Oct-2017 14:29:48 Asia/Tokyo] PHP  51. Illuminate\View\Engines\CompilerEngine->get() /home/ubuntu/workspace/crecamania/vendor/laravel/framework/src/Illuminate/View/View.php:147
[26-Oct-2017 14:29:48 Asia/Tokyo] PHP  52. Illuminate\View\Engines\PhpEngine->evaluatePath() /home/ubuntu/workspace/crecamania/vendor/laravel/framework/src/Illuminate/View/Engines/CompilerEngine.php:58
[26-Oct-2017 14:34:27 Asia/Tokyo] PHP Parse error:  syntax error, unexpected '<' in /home/ubuntu/workspace/crecamania/storage/framework/views/99d10eed20730aba90d00e8fd84d2f0b on line 49
[26-Oct-2017 14:34:27 Asia/Tokyo] PHP Stack trace:
[26-Oct-2017 14:34:27 Asia/Tokyo] PHP   1. {main}() /home/ubuntu/workspace/crecamania/server.php:0
[26-Oct-2017 14:34:27 Asia/Tokyo] PHP   2. require_once() /home/ubuntu/workspace/crecamania/server.php:21
[26-Oct-2017 14:34:27 Asia/Tokyo] PHP   3. Illuminate\Foundation\Http\Kernel->handle() /home/ubuntu/workspace/crecamania/public/index.php:54
[26-Oct-2017 14:34:27 Asia/Tokyo] PHP   4. Illuminate\Foundation\Http\Kernel->sendRequestThroughRouter() /home/ubuntu/workspace/crecamania/vendor/laravel/framework/src/Illuminate/Foundation/Http/Kernel.php:87
[26-Oct-2017 14:34:27 Asia/Tokyo] PHP   5. Illuminate\Pipeline\Pipeline->then() /home/ubuntu/workspace/crecamania/vendor/laravel/framework/src/Illuminate/Foundation/Http/Kernel.php:122
[26-Oct-2017 14:34:27 Asia/Tokyo] PHP   6. call_user_func:{/home/ubuntu/workspace/crecamania/vendor/laravel/framework/src/Illuminate/Pipeline/Pipeline.php:103}() /home/ubuntu/workspace/crecamania/vendor/laravel/framework/src/Illuminate/Pipeline/Pipeline.php:103
[26-Oct-2017 14:34:27 Asia/Tokyo] PHP   7. Illuminate\Pipeline\Pipeline->Illuminate\Pipeline\{closure}() /home/ubuntu/workspace/crecamania/vendor/laravel/framework/src/Illuminate/Pipeline/Pipeline.php:103
[26-Oct-2017 14:34:27 Asia/Tokyo] PHP   8. call_user_func_array:{/home/ubuntu/workspace/crecamania/vendor/laravel/framework/src/Illuminate/Pipeline/Pipeline.php:124}() /home/ubuntu/workspace/crecamania/vendor/laravel/framework/src/Illuminate/Pipeline/Pipeline.php:124
[26-Oct-2017 14:34:27 Asia/Tokyo] PHP   9. Illuminate\Foundation\Http\Middleware\CheckForMaintenanceMode->handle() /home/ubuntu/workspace/crecamania/vendor/laravel/framework/src/Illuminate/Pipeline/Pipeline.php:124
[26-Oct-2017 14:34:27 Asia/Tokyo] PHP  10. Illuminate\Pipeline\Pipeline->Illuminate\Pipeline\{closure}() /home/ubuntu/workspace/crecamania/vendor/laravel/framework/src/Illuminate/Foundation/Http/Middleware/CheckForMaintenanceMode.php:44
[26-Oct-2017 14:34:27 Asia/Tokyo] PHP  11. call_user_func_array:{/home/ubuntu/workspace/crecamania/vendor/laravel/framework/src/Illuminate/Pipeline/Pipeline.php:124}() /home/ubuntu/workspace/crecamania/vendor/laravel/framework/src/Illuminate/Pipeline/Pipeline.php:124
[26-Oct-2017 14:34:27 Asia/Tokyo] PHP  12. Illuminate\Cookie\Middleware\EncryptCookies->handle() /home/ubuntu/workspace/crecamania/vendor/laravel/framework/src/Illuminate/Pipeline/Pipeline.php:124
[26-Oct-2017 14:34:27 Asia/Tokyo] PHP  13. Illuminate\Pipeline\Pipeline->Illuminate\Pipeline\{closure}() /home/ubuntu/workspace/crecamania/vendor/laravel/framework/src/Illuminate/Cookie/Middleware/EncryptCookies.php:59
[26-Oct-2017 14:34:27 Asia/Tokyo] PHP  14. call_user_func_array:{/home/ubuntu/workspace/crecamania/vendor/laravel/framework/src/Illuminate/Pipeline/Pipeline.php:124}() /home/ubuntu/workspace/crecamania/vendor/laravel/framework/src/Illuminate/Pipeline/Pipeline.php:124
[26-Oct-2017 14:34:27 Asia/Tokyo] PHP  15. Illuminate\Cookie\Middleware\AddQueuedCookiesToResponse->handle() /home/ubuntu/workspace/crecamania/vendor/laravel/framework/src/Illuminate/Pipeline/Pipeline.php:124
[26-Oct-2017 14:34:27 Asia/Tokyo] PHP  16. Illuminate\Pipeline\Pipeline->Illuminate\Pipeline\{closure}() /home/ubuntu/workspace/crecamania/vendor/laravel/framework/src/Illuminate/Cookie/Middleware/AddQueuedCookiesToResponse.php:37
[26-Oct-2017 14:34:27 Asia/Tokyo] PHP  17. call_user_func_array:{/home/ubuntu/workspace/crecamania/vendor/laravel/framework/src/Illuminate/Pipeline/Pipeline.php:124}() /home/ubuntu/workspace/crecamania/vendor/laravel/framework/src/Illuminate/Pipeline/Pipeline.php:124
[26-Oct-2017 14:34:27 Asia/Tokyo] PHP  18. Illuminate\Session\Middleware\StartSession->handle() /home/ubuntu/workspace/crecamania/vendor/laravel/framework/src/Illuminate/Pipeline/Pipeline.php:124
[26-Oct-2017 14:34:27 Asia/Tokyo] PHP  19. Illuminate\Pipeline\Pipeline->Illuminate\Pipeline\{closure}() /home/ubuntu/workspace/crecamania/vendor/laravel/framework/src/Illuminate/Session/Middleware/StartSession.php:62
[26-Oct-2017 14:34:27 Asia/Tokyo] PHP  20. call_user_func_array:{/home/ubuntu/workspace/crecamania/vendor/laravel/framework/src/Illuminate/Pipeline/Pipeline.php:124}() /home/ubuntu/workspace/crecamania/vendor/laravel/framework/src/Illuminate/Pipeline/Pipeline.php:124
[26-Oct-2017 14:34:27 Asia/Tokyo] PHP  21. Illuminate\View\Middleware\ShareErrorsFromSession->handle() /home/ubuntu/workspace/crecamania/vendor/laravel/framework/src/Illuminate/Pipeline/Pipeline.php:124
[26-Oct-2017 14:34:27 Asia/Tokyo] PHP  22. Illuminate\Pipeline\Pipeline->Illuminate\Pipeline\{closure}() /home/ubuntu/workspace/crecamania/vendor/laravel/framework/src/Illuminate/View/Middleware/ShareErrorsFromSession.php:49
[26-Oct-2017 14:34:27 Asia/Tokyo] PHP  23. call_user_func_array:{/home/ubuntu/workspace/crecamania/vendor/laravel/framework/src/Illuminate/Pipeline/Pipeline.php:124}() /home/ubuntu/workspace/crecamania/vendor/laravel/framework/src/Illuminate/Pipeline/Pipeline.php:124
[26-Oct-2017 14:34:27 Asia/Tokyo] PHP  24. Illuminate\Foundation\Http\Middleware\VerifyCsrfToken->handle() /home/ubuntu/workspace/crecamania/vendor/laravel/framework/src/Illuminate/Pipeline/Pipeline.php:124
[26-Oct-2017 14:34:27 Asia/Tokyo] PHP  25. Illuminate\Pipeline\Pipeline->Illuminate\Pipeline\{closure}() /home/ubuntu/workspace/crecamania/vendor/laravel/framework/src/Illuminate/Foundation/Http/Middleware/VerifyCsrfToken.php:50
[26-Oct-2017 14:34:27 Asia/Tokyo] PHP  26. call_user_func:{/home/ubuntu/workspace/crecamania/vendor/laravel/framework/src/Illuminate/Pipeline/Pipeline.php:139}() /home/ubuntu/workspace/crecamania/vendor/laravel/framework/src/Illuminate/Pipeline/Pipeline.php:139
[26-Oct-2017 14:34:27 Asia/Tokyo] PHP  27. Illuminate\Foundation\Http\Kernel->Illuminate\Foundation\Http\{closure}() /home/ubuntu/workspace/crecamania/vendor/laravel/framework/src/Illuminate/Pipeline/Pipeline.php:139
[26-Oct-2017 14:34:27 Asia/Tokyo] PHP  28. Illuminate\Routing\Router->dispatch() /home/ubuntu/workspace/crecamania/vendor/laravel/framework/src/Illuminate/Foundation/Http/Kernel.php:236
[26-Oct-2017 14:34:27 Asia/Tokyo] PHP  29. Illuminate\Routing\Router->dispatchToRoute() /home/ubuntu/workspace/crecamania/vendor/laravel/framework/src/Illuminate/Routing/Router.php:635
[26-Oct-2017 14:34:27 Asia/Tokyo] PHP  30. Illuminate\Routing\Router->runRouteWithinStack() /home/ubuntu/workspace/crecamania/vendor/laravel/framework/src/Illuminate/Routing/Router.php:675
[26-Oct-2017 14:34:27 Asia/Tokyo] PHP  31. Illuminate\Pipeline\Pipeline->then() /home/ubuntu/workspace/crecamania/vendor/laravel/framework/src/Illuminate/Routing/Router.php:710
[26-Oct-2017 14:34:27 Asia/Tokyo] PHP  32. call_user_func:{/home/ubuntu/workspace/crecamania/vendor/laravel/framework/src/Illuminate/Pipeline/Pipeline.php:103}() /home/ubuntu/workspace/crecamania/vendor/laravel/framework/src/Illuminate/Pipeline/Pipeline.php:103
[26-Oct-2017 14:34:27 Asia/Tokyo] PHP  33. Illuminate\Pipeline\Pipeline->Illuminate\Pipeline\{closure}() /home/ubuntu/workspace/crecamania/vendor/laravel/framework/src/Illuminate/Pipeline/Pipeline.php:103
[26-Oct-2017 14:34:27 Asia/Tokyo] PHP  34. call_user_func:{/home/ubuntu/workspace/crecamania/vendor/laravel/framework/src/Illuminate/Pipeline/Pipeline.php:139}() /home/ubuntu/workspace/crecamania/vendor/laravel/framework/src/Illuminate/Pipeline/Pipeline.php:139
[26-Oct-2017 14:34:27 Asia/Tokyo] PHP  35. Illuminate\Routing\Router->Illuminate\Routing\{closure}() /home/ubuntu/workspace/crecamania/vendor/laravel/framework/src/Illuminate/Pipeline/Pipeline.php:139
[26-Oct-2017 14:34:27 Asia/Tokyo] PHP  36. Illuminate\Routing\Route->run() /home/ubuntu/workspace/crecamania/vendor/laravel/framework/src/Illuminate/Routing/Router.php:708
[26-Oct-2017 14:34:27 Asia/Tokyo] PHP  37. Illuminate\Routing\Route->runWithCustomDispatcher() /home/ubuntu/workspace/crecamania/vendor/laravel/framework/src/Illuminate/Routing/Route.php:134
[26-Oct-2017 14:34:27 Asia/Tokyo] PHP  38. Illuminate\Routing\ControllerDispatcher->dispatch() /home/ubuntu/workspace/crecamania/vendor/laravel/framework/src/Illuminate/Routing/Route.php:203
[26-Oct-2017 14:34:27 Asia/Tokyo] PHP  39. Illuminate\Routing\ControllerDispatcher->callWithinStack() /home/ubuntu/workspace/crecamania/vendor/laravel/framework/src/Illuminate/Routing/ControllerDispatcher.php:69
[26-Oct-2017 14:34:27 Asia/Tokyo] PHP  40. Illuminate\Pipeline\Pipeline->then() /home/ubuntu/workspace/crecamania/vendor/laravel/framework/src/Illuminate/Routing/ControllerDispatcher.php:114
[26-Oct-2017 14:34:27 Asia/Tokyo] PHP  41. call_user_func:{/home/ubuntu/workspace/crecamania/vendor/laravel/framework/src/Illuminate/Pipeline/Pipeline.php:103}() /home/ubuntu/workspace/crecamania/vendor/laravel/framework/src/Illuminate/Pipeline/Pipeline.php:103
[26-Oct-2017 14:34:27 Asia/Tokyo] PHP  42. Illuminate\Pipeline\Pipeline->Illuminate\Pipeline\{closure}() /home/ubuntu/workspace/crecamania/vendor/laravel/framework/src/Illuminate/Pipeline/Pipeline.php:103
[26-Oct-2017 14:34:27 Asia/Tokyo] PHP  43. call_user_func:{/home/ubuntu/workspace/crecamania/vendor/laravel/framework/src/Illuminate/Pipeline/Pipeline.php:139}() /home/ubuntu/workspace/crecamania/vendor/laravel/framework/src/Illuminate/Pipeline/Pipeline.php:139
[26-Oct-2017 14:34:27 Asia/Tokyo] PHP  44. Illuminate\Routing\ControllerDispatcher->Illuminate\Routing\{closure}() /home/ubuntu/workspace/crecamania/vendor/laravel/framework/src/Illuminate/Pipeline/Pipeline.php:139
[26-Oct-2017 14:34:27 Asia/Tokyo] PHP  45. Illuminate\Routing\Router->prepareResponse() /home/ubuntu/workspace/crecamania/vendor/laravel/framework/src/Illuminate/Routing/ControllerDispatcher.php:113
[26-Oct-2017 14:34:27 Asia/Tokyo] PHP  46. Symfony\Component\HttpFoundation\Response->__construct() /home/ubuntu/workspace/crecamania/vendor/laravel/framework/src/Illuminate/Routing/Router.php:1229
[26-Oct-2017 14:34:27 Asia/Tokyo] PHP  47. Illuminate\Http\Response->setContent() /home/ubuntu/workspace/crecamania/vendor/symfony/http-foundation/Response.php:200
[26-Oct-2017 14:34:27 Asia/Tokyo] PHP  48. Illuminate\View\View->render() /home/ubuntu/workspace/crecamania/vendor/laravel/framework/src/Illuminate/Http/Response.php:51
[26-Oct-2017 14:34:27 Asia/Tokyo] PHP  49. Illuminate\View\View->renderContents() /home/ubuntu/workspace/crecamania/vendor/laravel/framework/src/Illuminate/View/View.php:83
[26-Oct-2017 14:34:27 Asia/Tokyo] PHP  50. Illuminate\View\View->getContents() /home/ubuntu/workspace/crecamania/vendor/laravel/framework/src/Illuminate/View/View.php:118
[26-Oct-2017 14:34:27 Asia/Tokyo] PHP  51. Illuminate\View\Engines\CompilerEngine->get() /home/ubuntu/workspace/crecamania/vendor/laravel/framework/src/Illuminate/View/View.php:147
[26-Oct-2017 14:34:27 Asia/Tokyo] PHP  52. Illuminate\View\Engines\PhpEngine->evaluatePath() /home/ubuntu/workspace/crecamania/vendor/laravel/framework/src/Illuminate/View/Engines/CompilerEngine.php:58
[26-Oct-2017 14:34:34 Asia/Tokyo] PHP Parse error:  syntax error, unexpected '<' in /home/ubuntu/workspace/crecamania/storage/framework/views/99d10eed20730aba90d00e8fd84d2f0b on line 49
[26-Oct-2017 14:34:34 Asia/Tokyo] PHP Stack trace:
[26-Oct-2017 14:34:34 Asia/Tokyo] PHP   1. {main}() /home/ubuntu/workspace/crecamania/server.php:0
[26-Oct-2017 14:34:34 Asia/Tokyo] PHP   2. require_once() /home/ubuntu/workspace/crecamania/server.php:21
[26-Oct-2017 14:34:34 Asia/Tokyo] PHP   3. Illuminate\Foundation\Http\Kernel->handle() /home/ubuntu/workspace/crecamania/public/index.php:54
[26-Oct-2017 14:34:34 Asia/Tokyo] PHP   4. Illuminate\Foundation\Http\Kernel->sendRequestThroughRouter() /home/ubuntu/workspace/crecamania/vendor/laravel/framework/src/Illuminate/Foundation/Http/Kernel.php:87
[26-Oct-2017 14:34:34 Asia/Tokyo] PHP   5. Illuminate\Pipeline\Pipeline->then() /home/ubuntu/workspace/crecamania/vendor/laravel/framework/src/Illuminate/Foundation/Http/Kernel.php:122
[26-Oct-2017 14:34:34 Asia/Tokyo] PHP   6. call_user_func:{/home/ubuntu/workspace/crecamania/vendor/laravel/framework/src/Illuminate/Pipeline/Pipeline.php:103}() /home/ubuntu/workspace/crecamania/vendor/laravel/framework/src/Illuminate/Pipeline/Pipeline.php:103
[26-Oct-2017 14:34:34 Asia/Tokyo] PHP   7. Illuminate\Pipeline\Pipeline->Illuminate\Pipeline\{closure}() /home/ubuntu/workspace/crecamania/vendor/laravel/framework/src/Illuminate/Pipeline/Pipeline.php:103
[26-Oct-2017 14:34:34 Asia/Tokyo] PHP   8. call_user_func_array:{/home/ubuntu/workspace/crecamania/vendor/laravel/framework/src/Illuminate/Pipeline/Pipeline.php:124}() /home/ubuntu/workspace/crecamania/vendor/laravel/framework/src/Illuminate/Pipeline/Pipeline.php:124
[26-Oct-2017 14:34:34 Asia/Tokyo] PHP   9. Illuminate\Foundation\Http\Middleware\CheckForMaintenanceMode->handle() /home/ubuntu/workspace/crecamania/vendor/laravel/framework/src/Illuminate/Pipeline/Pipeline.php:124
[26-Oct-2017 14:34:34 Asia/Tokyo] PHP  10. Illuminate\Pipeline\Pipeline->Illuminate\Pipeline\{closure}() /home/ubuntu/workspace/crecamania/vendor/laravel/framework/src/Illuminate/Foundation/Http/Middleware/CheckForMaintenanceMode.php:44
[26-Oct-2017 14:34:34 Asia/Tokyo] PHP  11. call_user_func_array:{/home/ubuntu/workspace/crecamania/vendor/laravel/framework/src/Illuminate/Pipeline/Pipeline.php:124}() /home/ubuntu/workspace/crecamania/vendor/laravel/framework/src/Illuminate/Pipeline/Pipeline.php:124
[26-Oct-2017 14:34:34 Asia/Tokyo] PHP  12. Illuminate\Cookie\Middleware\EncryptCookies->handle() /home/ubuntu/workspace/crecamania/vendor/laravel/framework/src/Illuminate/Pipeline/Pipeline.php:124
[26-Oct-2017 14:34:34 Asia/Tokyo] PHP  13. Illuminate\Pipeline\Pipeline->Illuminate\Pipeline\{closure}() /home/ubuntu/workspace/crecamania/vendor/laravel/framework/src/Illuminate/Cookie/Middleware/EncryptCookies.php:59
[26-Oct-2017 14:34:34 Asia/Tokyo] PHP  14. call_user_func_array:{/home/ubuntu/workspace/crecamania/vendor/laravel/framework/src/Illuminate/Pipeline/Pipeline.php:124}() /home/ubuntu/workspace/crecamania/vendor/laravel/framework/src/Illuminate/Pipeline/Pipeline.php:124
[26-Oct-2017 14:34:34 Asia/Tokyo] PHP  15. Illuminate\Cookie\Middleware\AddQueuedCookiesToResponse->handle() /home/ubuntu/workspace/crecamania/vendor/laravel/framework/src/Illuminate/Pipeline/Pipeline.php:124
[26-Oct-2017 14:34:34 Asia/Tokyo] PHP  16. Illuminate\Pipeline\Pipeline->Illuminate\Pipeline\{closure}() /home/ubuntu/workspace/crecamania/vendor/laravel/framework/src/Illuminate/Cookie/Middleware/AddQueuedCookiesToResponse.php:37
[26-Oct-2017 14:34:34 Asia/Tokyo] PHP  17. call_user_func_array:{/home/ubuntu/workspace/crecamania/vendor/laravel/framework/src/Illuminate/Pipeline/Pipeline.php:124}() /home/ubuntu/workspace/crecamania/vendor/laravel/framework/src/Illuminate/Pipeline/Pipeline.php:124
[26-Oct-2017 14:34:34 Asia/Tokyo] PHP  18. Illuminate\Session\Middleware\StartSession->handle() /home/ubuntu/workspace/crecamania/vendor/laravel/framework/src/Illuminate/Pipeline/Pipeline.php:124
[26-Oct-2017 14:34:34 Asia/Tokyo] PHP  19. Illuminate\Pipeline\Pipeline->Illuminate\Pipeline\{closure}() /home/ubuntu/workspace/crecamania/vendor/laravel/framework/src/Illuminate/Session/Middleware/StartSession.php:62
[26-Oct-2017 14:34:34 Asia/Tokyo] PHP  20. call_user_func_array:{/home/ubuntu/workspace/crecamania/vendor/laravel/framework/src/Illuminate/Pipeline/Pipeline.php:124}() /home/ubuntu/workspace/crecamania/vendor/laravel/framework/src/Illuminate/Pipeline/Pipeline.php:124
[26-Oct-2017 14:34:34 Asia/Tokyo] PHP  21. Illuminate\View\Middleware\ShareErrorsFromSession->handle() /home/ubuntu/workspace/crecamania/vendor/laravel/framework/src/Illuminate/Pipeline/Pipeline.php:124
[26-Oct-2017 14:34:34 Asia/Tokyo] PHP  22. Illuminate\Pipeline\Pipeline->Illuminate\Pipeline\{closure}() /home/ubuntu/workspace/crecamania/vendor/laravel/framework/src/Illuminate/View/Middleware/ShareErrorsFromSession.php:49
[26-Oct-2017 14:34:34 Asia/Tokyo] PHP  23. call_user_func_array:{/home/ubuntu/workspace/crecamania/vendor/laravel/framework/src/Illuminate/Pipeline/Pipeline.php:124}() /home/ubuntu/workspace/crecamania/vendor/laravel/framework/src/Illuminate/Pipeline/Pipeline.php:124
[26-Oct-2017 14:34:34 Asia/Tokyo] PHP  24. Illuminate\Foundation\Http\Middleware\VerifyCsrfToken->handle() /home/ubuntu/workspace/crecamania/vendor/laravel/framework/src/Illuminate/Pipeline/Pipeline.php:124
[26-Oct-2017 14:34:34 Asia/Tokyo] PHP  25. Illuminate\Pipeline\Pipeline->Illuminate\Pipeline\{closure}() /home/ubuntu/workspace/crecamania/vendor/laravel/framework/src/Illuminate/Foundation/Http/Middleware/VerifyCsrfToken.php:50
[26-Oct-2017 14:34:34 Asia/Tokyo] PHP  26. call_user_func:{/home/ubuntu/workspace/crecamania/vendor/laravel/framework/src/Illuminate/Pipeline/Pipeline.php:139}() /home/ubuntu/workspace/crecamania/vendor/laravel/framework/src/Illuminate/Pipeline/Pipeline.php:139
[26-Oct-2017 14:34:34 Asia/Tokyo] PHP  27. Illuminate\Foundation\Http\Kernel->Illuminate\Foundation\Http\{closure}() /home/ubuntu/workspace/crecamania/vendor/laravel/framework/src/Illuminate/Pipeline/Pipeline.php:139
[26-Oct-2017 14:34:34 Asia/Tokyo] PHP  28. Illuminate\Routing\Router->dispatch() /home/ubuntu/workspace/crecamania/vendor/laravel/framework/src/Illuminate/Foundation/Http/Kernel.php:236
[26-Oct-2017 14:34:34 Asia/Tokyo] PHP  29. Illuminate\Routing\Router->dispatchToRoute() /home/ubuntu/workspace/crecamania/vendor/laravel/framework/src/Illuminate/Routing/Router.php:635
[26-Oct-2017 14:34:34 Asia/Tokyo] PHP  30. Illuminate\Routing\Router->runRouteWithinStack() /home/ubuntu/workspace/crecamania/vendor/laravel/framework/src/Illuminate/Routing/Router.php:675
[26-Oct-2017 14:34:34 Asia/Tokyo] PHP  31. Illuminate\Pipeline\Pipeline->then() /home/ubuntu/workspace/crecamania/vendor/laravel/framework/src/Illuminate/Routing/Router.php:710
[26-Oct-2017 14:34:34 Asia/Tokyo] PHP  32. call_user_func:{/home/ubuntu/workspace/crecamania/vendor/laravel/framework/src/Illuminate/Pipeline/Pipeline.php:103}() /home/ubuntu/workspace/crecamania/vendor/laravel/framework/src/Illuminate/Pipeline/Pipeline.php:103
[26-Oct-2017 14:34:34 Asia/Tokyo] PHP  33. Illuminate\Pipeline\Pipeline->Illuminate\Pipeline\{closure}() /home/ubuntu/workspace/crecamania/vendor/laravel/framework/src/Illuminate/Pipeline/Pipeline.php:103
[26-Oct-2017 14:34:34 Asia/Tokyo] PHP  34. call_user_func:{/home/ubuntu/workspace/crecamania/vendor/laravel/framework/src/Illuminate/Pipeline/Pipeline.php:139}() /home/ubuntu/workspace/crecamania/vendor/laravel/framework/src/Illuminate/Pipeline/Pipeline.php:139
[26-Oct-2017 14:34:34 Asia/Tokyo] PHP  35. Illuminate\Routing\Router->Illuminate\Routing\{closure}() /home/ubuntu/workspace/crecamania/vendor/laravel/framework/src/Illuminate/Pipeline/Pipeline.php:139
[26-Oct-2017 14:34:34 Asia/Tokyo] PHP  36. Illuminate\Routing\Route->run() /home/ubuntu/workspace/crecamania/vendor/laravel/framework/src/Illuminate/Routing/Router.php:708
[26-Oct-2017 14:34:34 Asia/Tokyo] PHP  37. Illuminate\Routing\Route->runWithCustomDispatcher() /home/ubuntu/workspace/crecamania/vendor/laravel/framework/src/Illuminate/Routing/Route.php:134
[26-Oct-2017 14:34:34 Asia/Tokyo] PHP  38. Illuminate\Routing\ControllerDispatcher->dispatch() /home/ubuntu/workspace/crecamania/vendor/laravel/framework/src/Illuminate/Routing/Route.php:203
[26-Oct-2017 14:34:34 Asia/Tokyo] PHP  39. Illuminate\Routing\ControllerDispatcher->callWithinStack() /home/ubuntu/workspace/crecamania/vendor/laravel/framework/src/Illuminate/Routing/ControllerDispatcher.php:69
[26-Oct-2017 14:34:34 Asia/Tokyo] PHP  40. Illuminate\Pipeline\Pipeline->then() /home/ubuntu/workspace/crecamania/vendor/laravel/framework/src/Illuminate/Routing/ControllerDispatcher.php:114
[26-Oct-2017 14:34:34 Asia/Tokyo] PHP  41. call_user_func:{/home/ubuntu/workspace/crecamania/vendor/laravel/framework/src/Illuminate/Pipeline/Pipeline.php:103}() /home/ubuntu/workspace/crecamania/vendor/laravel/framework/src/Illuminate/Pipeline/Pipeline.php:103
[26-Oct-2017 14:34:34 Asia/Tokyo] PHP  42. Illuminate\Pipeline\Pipeline->Illuminate\Pipeline\{closure}() /home/ubuntu/workspace/crecamania/vendor/laravel/framework/src/Illuminate/Pipeline/Pipeline.php:103
[26-Oct-2017 14:34:34 Asia/Tokyo] PHP  43. call_user_func:{/home/ubuntu/workspace/crecamania/vendor/laravel/framework/src/Illuminate/Pipeline/Pipeline.php:139}() /home/ubuntu/workspace/crecamania/vendor/laravel/framework/src/Illuminate/Pipeline/Pipeline.php:139
[26-Oct-2017 14:34:34 Asia/Tokyo] PHP  44. Illuminate\Routing\ControllerDispatcher->Illuminate\Routing\{closure}() /home/ubuntu/workspace/crecamania/vendor/laravel/framework/src/Illuminate/Pipeline/Pipeline.php:139
[26-Oct-2017 14:34:34 Asia/Tokyo] PHP  45. Illuminate\Routing\Router->prepareResponse() /home/ubuntu/workspace/crecamania/vendor/laravel/framework/src/Illuminate/Routing/ControllerDispatcher.php:113
[26-Oct-2017 14:34:34 Asia/Tokyo] PHP  46. Symfony\Component\HttpFoundation\Response->__construct() /home/ubuntu/workspace/crecamania/vendor/laravel/framework/src/Illuminate/Routing/Router.php:1229
[26-Oct-2017 14:34:34 Asia/Tokyo] PHP  47. Illuminate\Http\Response->setContent() /home/ubuntu/workspace/crecamania/vendor/symfony/http-foundation/Response.php:200
[26-Oct-2017 14:34:34 Asia/Tokyo] PHP  48. Illuminate\View\View->render() /home/ubuntu/workspace/crecamania/vendor/laravel/framework/src/Illuminate/Http/Response.php:51
[26-Oct-2017 14:34:34 Asia/Tokyo] PHP  49. Illuminate\View\View->renderContents() /home/ubuntu/workspace/crecamania/vendor/laravel/framework/src/Illuminate/View/View.php:83
[26-Oct-2017 14:34:34 Asia/Tokyo] PHP  50. Illuminate\View\View->getContents() /home/ubuntu/workspace/crecamania/vendor/laravel/framework/src/Illuminate/View/View.php:118
[26-Oct-2017 14:34:34 Asia/Tokyo] PHP  51. Illuminate\View\Engines\CompilerEngine->get() /home/ubuntu/workspace/crecamania/vendor/laravel/framework/src/Illuminate/View/View.php:147
[26-Oct-2017 14:34:34 Asia/Tokyo] PHP  52. Illuminate\View\Engines\PhpEngine->evaluatePath() /home/ubuntu/workspace/crecamania/vendor/laravel/framework/src/Illuminate/View/Engines/CompilerEngine.php:58
[26-Oct-2017 14:34:39 Asia/Tokyo] PHP Parse error:  syntax error, unexpected '<' in /home/ubuntu/workspace/crecamania/storage/framework/views/99d10eed20730aba90d00e8fd84d2f0b on line 49
[26-Oct-2017 14:34:39 Asia/Tokyo] PHP Stack trace:
[26-Oct-2017 14:34:39 Asia/Tokyo] PHP   1. {main}() /home/ubuntu/workspace/crecamania/server.php:0
[26-Oct-2017 14:34:39 Asia/Tokyo] PHP   2. require_once() /home/ubuntu/workspace/crecamania/server.php:21
[26-Oct-2017 14:34:39 Asia/Tokyo] PHP   3. Illuminate\Foundation\Http\Kernel->handle() /home/ubuntu/workspace/crecamania/public/index.php:54
[26-Oct-2017 14:34:39 Asia/Tokyo] PHP   4. Illuminate\Foundation\Http\Kernel->sendRequestThroughRouter() /home/ubuntu/workspace/crecamania/vendor/laravel/framework/src/Illuminate/Foundation/Http/Kernel.php:87
[26-Oct-2017 14:34:39 Asia/Tokyo] PHP   5. Illuminate\Pipeline\Pipeline->then() /home/ubuntu/workspace/crecamania/vendor/laravel/framework/src/Illuminate/Foundation/Http/Kernel.php:122
[26-Oct-2017 14:34:39 Asia/Tokyo] PHP   6. call_user_func:{/home/ubuntu/workspace/crecamania/vendor/laravel/framework/src/Illuminate/Pipeline/Pipeline.php:103}() /home/ubuntu/workspace/crecamania/vendor/laravel/framework/src/Illuminate/Pipeline/Pipeline.php:103
[26-Oct-2017 14:34:39 Asia/Tokyo] PHP   7. Illuminate\Pipeline\Pipeline->Illuminate\Pipeline\{closure}() /home/ubuntu/workspace/crecamania/vendor/laravel/framework/src/Illuminate/Pipeline/Pipeline.php:103
[26-Oct-2017 14:34:39 Asia/Tokyo] PHP   8. call_user_func_array:{/home/ubuntu/workspace/crecamania/vendor/laravel/framework/src/Illuminate/Pipeline/Pipeline.php:124}() /home/ubuntu/workspace/crecamania/vendor/laravel/framework/src/Illuminate/Pipeline/Pipeline.php:124
[26-Oct-2017 14:34:39 Asia/Tokyo] PHP   9. Illuminate\Foundation\Http\Middleware\CheckForMaintenanceMode->handle() /home/ubuntu/workspace/crecamania/vendor/laravel/framework/src/Illuminate/Pipeline/Pipeline.php:124
[26-Oct-2017 14:34:39 Asia/Tokyo] PHP  10. Illuminate\Pipeline\Pipeline->Illuminate\Pipeline\{closure}() /home/ubuntu/workspace/crecamania/vendor/laravel/framework/src/Illuminate/Foundation/Http/Middleware/CheckForMaintenanceMode.php:44
[26-Oct-2017 14:34:39 Asia/Tokyo] PHP  11. call_user_func_array:{/home/ubuntu/workspace/crecamania/vendor/laravel/framework/src/Illuminate/Pipeline/Pipeline.php:124}() /home/ubuntu/workspace/crecamania/vendor/laravel/framework/src/Illuminate/Pipeline/Pipeline.php:124
[26-Oct-2017 14:34:39 Asia/Tokyo] PHP  12. Illuminate\Cookie\Middleware\EncryptCookies->handle() /home/ubuntu/workspace/crecamania/vendor/laravel/framework/src/Illuminate/Pipeline/Pipeline.php:124
[26-Oct-2017 14:34:39 Asia/Tokyo] PHP  13. Illuminate\Pipeline\Pipeline->Illuminate\Pipeline\{closure}() /home/ubuntu/workspace/crecamania/vendor/laravel/framework/src/Illuminate/Cookie/Middleware/EncryptCookies.php:59
[26-Oct-2017 14:34:39 Asia/Tokyo] PHP  14. call_user_func_array:{/home/ubuntu/workspace/crecamania/vendor/laravel/framework/src/Illuminate/Pipeline/Pipeline.php:124}() /home/ubuntu/workspace/crecamania/vendor/laravel/framework/src/Illuminate/Pipeline/Pipeline.php:124
[26-Oct-2017 14:34:39 Asia/Tokyo] PHP  15. Illuminate\Cookie\Middleware\AddQueuedCookiesToResponse->handle() /home/ubuntu/workspace/crecamania/vendor/laravel/framework/src/Illuminate/Pipeline/Pipeline.php:124
[26-Oct-2017 14:34:39 Asia/Tokyo] PHP  16. Illuminate\Pipeline\Pipeline->Illuminate\Pipeline\{closure}() /home/ubuntu/workspace/crecamania/vendor/laravel/framework/src/Illuminate/Cookie/Middleware/AddQueuedCookiesToResponse.php:37
[26-Oct-2017 14:34:39 Asia/Tokyo] PHP  17. call_user_func_array:{/home/ubuntu/workspace/crecamania/vendor/laravel/framework/src/Illuminate/Pipeline/Pipeline.php:124}() /home/ubuntu/workspace/crecamania/vendor/laravel/framework/src/Illuminate/Pipeline/Pipeline.php:124
[26-Oct-2017 14:34:39 Asia/Tokyo] PHP  18. Illuminate\Session\Middleware\StartSession->handle() /home/ubuntu/workspace/crecamania/vendor/laravel/framework/src/Illuminate/Pipeline/Pipeline.php:124
[26-Oct-2017 14:34:39 Asia/Tokyo] PHP  19. Illuminate\Pipeline\Pipeline->Illuminate\Pipeline\{closure}() /home/ubuntu/workspace/crecamania/vendor/laravel/framework/src/Illuminate/Session/Middleware/StartSession.php:62
[26-Oct-2017 14:34:39 Asia/Tokyo] PHP  20. call_user_func_array:{/home/ubuntu/workspace/crecamania/vendor/laravel/framework/src/Illuminate/Pipeline/Pipeline.php:124}() /home/ubuntu/workspace/crecamania/vendor/laravel/framework/src/Illuminate/Pipeline/Pipeline.php:124
[26-Oct-2017 14:34:39 Asia/Tokyo] PHP  21. Illuminate\View\Middleware\ShareErrorsFromSession->handle() /home/ubuntu/workspace/crecamania/vendor/laravel/framework/src/Illuminate/Pipeline/Pipeline.php:124
[26-Oct-2017 14:34:39 Asia/Tokyo] PHP  22. Illuminate\Pipeline\Pipeline->Illuminate\Pipeline\{closure}() /home/ubuntu/workspace/crecamania/vendor/laravel/framework/src/Illuminate/View/Middleware/ShareErrorsFromSession.php:49
[26-Oct-2017 14:34:39 Asia/Tokyo] PHP  23. call_user_func_array:{/home/ubuntu/workspace/crecamania/vendor/laravel/framework/src/Illuminate/Pipeline/Pipeline.php:124}() /home/ubuntu/workspace/crecamania/vendor/laravel/framework/src/Illuminate/Pipeline/Pipeline.php:124
[26-Oct-2017 14:34:39 Asia/Tokyo] PHP  24. Illuminate\Foundation\Http\Middleware\VerifyCsrfToken->handle() /home/ubuntu/workspace/crecamania/vendor/laravel/framework/src/Illuminate/Pipeline/Pipeline.php:124
[26-Oct-2017 14:34:39 Asia/Tokyo] PHP  25. Illuminate\Pipeline\Pipeline->Illuminate\Pipeline\{closure}() /home/ubuntu/workspace/crecamania/vendor/laravel/framework/src/Illuminate/Foundation/Http/Middleware/VerifyCsrfToken.php:50
[26-Oct-2017 14:34:39 Asia/Tokyo] PHP  26. call_user_func:{/home/ubuntu/workspace/crecamania/vendor/laravel/framework/src/Illuminate/Pipeline/Pipeline.php:139}() /home/ubuntu/workspace/crecamania/vendor/laravel/framework/src/Illuminate/Pipeline/Pipeline.php:139
[26-Oct-2017 14:34:39 Asia/Tokyo] PHP  27. Illuminate\Foundation\Http\Kernel->Illuminate\Foundation\Http\{closure}() /home/ubuntu/workspace/crecamania/vendor/laravel/framework/src/Illuminate/Pipeline/Pipeline.php:139
[26-Oct-2017 14:34:39 Asia/Tokyo] PHP  28. Illuminate\Routing\Router->dispatch() /home/ubuntu/workspace/crecamania/vendor/laravel/framework/src/Illuminate/Foundation/Http/Kernel.php:236
[26-Oct-2017 14:34:39 Asia/Tokyo] PHP  29. Illuminate\Routing\Router->dispatchToRoute() /home/ubuntu/workspace/crecamania/vendor/laravel/framework/src/Illuminate/Routing/Router.php:635
[26-Oct-2017 14:34:39 Asia/Tokyo] PHP  30. Illuminate\Routing\Router->runRouteWithinStack() /home/ubuntu/workspace/crecamania/vendor/laravel/framework/src/Illuminate/Routing/Router.php:675
[26-Oct-2017 14:34:39 Asia/Tokyo] PHP  31. Illuminate\Pipeline\Pipeline->then() /home/ubuntu/workspace/crecamania/vendor/laravel/framework/src/Illuminate/Routing/Router.php:710
[26-Oct-2017 14:34:39 Asia/Tokyo] PHP  32. call_user_func:{/home/ubuntu/workspace/crecamania/vendor/laravel/framework/src/Illuminate/Pipeline/Pipeline.php:103}() /home/ubuntu/workspace/crecamania/vendor/laravel/framework/src/Illuminate/Pipeline/Pipeline.php:103
[26-Oct-2017 14:34:39 Asia/Tokyo] PHP  33. Illuminate\Pipeline\Pipeline->Illuminate\Pipeline\{closure}() /home/ubuntu/workspace/crecamania/vendor/laravel/framework/src/Illuminate/Pipeline/Pipeline.php:103
[26-Oct-2017 14:34:39 Asia/Tokyo] PHP  34. call_user_func:{/home/ubuntu/workspace/crecamania/vendor/laravel/framework/src/Illuminate/Pipeline/Pipeline.php:139}() /home/ubuntu/workspace/crecamania/vendor/laravel/framework/src/Illuminate/Pipeline/Pipeline.php:139
[26-Oct-2017 14:34:39 Asia/Tokyo] PHP  35. Illuminate\Routing\Router->Illuminate\Routing\{closure}() /home/ubuntu/workspace/crecamania/vendor/laravel/framework/src/Illuminate/Pipeline/Pipeline.php:139
[26-Oct-2017 14:34:39 Asia/Tokyo] PHP  36. Illuminate\Routing\Route->run() /home/ubuntu/workspace/crecamania/vendor/laravel/framework/src/Illuminate/Routing/Router.php:708
[26-Oct-2017 14:34:39 Asia/Tokyo] PHP  37. Illuminate\Routing\Route->runWithCustomDispatcher() /home/ubuntu/workspace/crecamania/vendor/laravel/framework/src/Illuminate/Routing/Route.php:134
[26-Oct-2017 14:34:39 Asia/Tokyo] PHP  38. Illuminate\Routing\ControllerDispatcher->dispatch() /home/ubuntu/workspace/crecamania/vendor/laravel/framework/src/Illuminate/Routing/Route.php:203
[26-Oct-2017 14:34:39 Asia/Tokyo] PHP  39. Illuminate\Routing\ControllerDispatcher->callWithinStack() /home/ubuntu/workspace/crecamania/vendor/laravel/framework/src/Illuminate/Routing/ControllerDispatcher.php:69
[26-Oct-2017 14:34:39 Asia/Tokyo] PHP  40. Illuminate\Pipeline\Pipeline->then() /home/ubuntu/workspace/crecamania/vendor/laravel/framework/src/Illuminate/Routing/ControllerDispatcher.php:114
[26-Oct-2017 14:34:39 Asia/Tokyo] PHP  41. call_user_func:{/home/ubuntu/workspace/crecamania/vendor/laravel/framework/src/Illuminate/Pipeline/Pipeline.php:103}() /home/ubuntu/workspace/crecamania/vendor/laravel/framework/src/Illuminate/Pipeline/Pipeline.php:103
[26-Oct-2017 14:34:39 Asia/Tokyo] PHP  42. Illuminate\Pipeline\Pipeline->Illuminate\Pipeline\{closure}() /home/ubuntu/workspace/crecamania/vendor/laravel/framework/src/Illuminate/Pipeline/Pipeline.php:103
[26-Oct-2017 14:34:39 Asia/Tokyo] PHP  43. call_user_func:{/home/ubuntu/workspace/crecamania/vendor/laravel/framework/src/Illuminate/Pipeline/Pipeline.php:139}() /home/ubuntu/workspace/crecamania/vendor/laravel/framework/src/Illuminate/Pipeline/Pipeline.php:139
[26-Oct-2017 14:34:39 Asia/Tokyo] PHP  44. Illuminate\Routing\ControllerDispatcher->Illuminate\Routing\{closure}() /home/ubuntu/workspace/crecamania/vendor/laravel/framework/src/Illuminate/Pipeline/Pipeline.php:139
[26-Oct-2017 14:34:39 Asia/Tokyo] PHP  45. Illuminate\Routing\Router->prepareResponse() /home/ubuntu/workspace/crecamania/vendor/laravel/framework/src/Illuminate/Routing/ControllerDispatcher.php:113
[26-Oct-2017 14:34:39 Asia/Tokyo] PHP  46. Symfony\Component\HttpFoundation\Response->__construct() /home/ubuntu/workspace/crecamania/vendor/laravel/framework/src/Illuminate/Routing/Router.php:1229
[26-Oct-2017 14:34:39 Asia/Tokyo] PHP  47. Illuminate\Http\Response->setContent() /home/ubuntu/workspace/crecamania/vendor/symfony/http-foundation/Response.php:200
[26-Oct-2017 14:34:39 Asia/Tokyo] PHP  48. Illuminate\View\View->render() /home/ubuntu/workspace/crecamania/vendor/laravel/framework/src/Illuminate/Http/Response.php:51
[26-Oct-2017 14:34:39 Asia/Tokyo] PHP  49. Illuminate\View\View->renderContents() /home/ubuntu/workspace/crecamania/vendor/laravel/framework/src/Illuminate/View/View.php:83
[26-Oct-2017 14:34:39 Asia/Tokyo] PHP  50. Illuminate\View\View->getContents() /home/ubuntu/workspace/crecamania/vendor/laravel/framework/src/Illuminate/View/View.php:118
[26-Oct-2017 14:34:39 Asia/Tokyo] PHP  51. Illuminate\View\Engines\CompilerEngine->get() /home/ubuntu/workspace/crecamania/vendor/laravel/framework/src/Illuminate/View/View.php:147
[26-Oct-2017 14:34:39 Asia/Tokyo] PHP  52. Illuminate\View\Engines\PhpEngine->evaluatePath() /home/ubuntu/workspace/crecamania/vendor/laravel/framework/src/Illuminate/View/Engines/CompilerEngine.php:58
[26-Oct-2017 14:34:58 Asia/Tokyo] PHP Parse error:  syntax error, unexpected '<' in /home/ubuntu/workspace/crecamania/storage/framework/views/99d10eed20730aba90d00e8fd84d2f0b on line 49
[26-Oct-2017 14:34:58 Asia/Tokyo] PHP Stack trace:
[26-Oct-2017 14:34:58 Asia/Tokyo] PHP   1. {main}() /home/ubuntu/workspace/crecamania/server.php:0
[26-Oct-2017 14:34:58 Asia/Tokyo] PHP   2. require_once() /home/ubuntu/workspace/crecamania/server.php:21
[26-Oct-2017 14:34:58 Asia/Tokyo] PHP   3. Illuminate\Foundation\Http\Kernel->handle() /home/ubuntu/workspace/crecamania/public/index.php:54
[26-Oct-2017 14:34:58 Asia/Tokyo] PHP   4. Illuminate\Foundation\Http\Kernel->sendRequestThroughRouter() /home/ubuntu/workspace/crecamania/vendor/laravel/framework/src/Illuminate/Foundation/Http/Kernel.php:87
[26-Oct-2017 14:34:58 Asia/Tokyo] PHP   5. Illuminate\Pipeline\Pipeline->then() /home/ubuntu/workspace/crecamania/vendor/laravel/framework/src/Illuminate/Foundation/Http/Kernel.php:122
[26-Oct-2017 14:34:58 Asia/Tokyo] PHP   6. call_user_func:{/home/ubuntu/workspace/crecamania/vendor/laravel/framework/src/Illuminate/Pipeline/Pipeline.php:103}() /home/ubuntu/workspace/crecamania/vendor/laravel/framework/src/Illuminate/Pipeline/Pipeline.php:103
[26-Oct-2017 14:34:58 Asia/Tokyo] PHP   7. Illuminate\Pipeline\Pipeline->Illuminate\Pipeline\{closure}() /home/ubuntu/workspace/crecamania/vendor/laravel/framework/src/Illuminate/Pipeline/Pipeline.php:103
[26-Oct-2017 14:34:58 Asia/Tokyo] PHP   8. call_user_func_array:{/home/ubuntu/workspace/crecamania/vendor/laravel/framework/src/Illuminate/Pipeline/Pipeline.php:124}() /home/ubuntu/workspace/crecamania/vendor/laravel/framework/src/Illuminate/Pipeline/Pipeline.php:124
[26-Oct-2017 14:34:58 Asia/Tokyo] PHP   9. Illuminate\Foundation\Http\Middleware\CheckForMaintenanceMode->handle() /home/ubuntu/workspace/crecamania/vendor/laravel/framework/src/Illuminate/Pipeline/Pipeline.php:124
[26-Oct-2017 14:34:58 Asia/Tokyo] PHP  10. Illuminate\Pipeline\Pipeline->Illuminate\Pipeline\{closure}() /home/ubuntu/workspace/crecamania/vendor/laravel/framework/src/Illuminate/Foundation/Http/Middleware/CheckForMaintenanceMode.php:44
[26-Oct-2017 14:34:58 Asia/Tokyo] PHP  11. call_user_func_array:{/home/ubuntu/workspace/crecamania/vendor/laravel/framework/src/Illuminate/Pipeline/Pipeline.php:124}() /home/ubuntu/workspace/crecamania/vendor/laravel/framework/src/Illuminate/Pipeline/Pipeline.php:124
[26-Oct-2017 14:34:58 Asia/Tokyo] PHP  12. Illuminate\Cookie\Middleware\EncryptCookies->handle() /home/ubuntu/workspace/crecamania/vendor/laravel/framework/src/Illuminate/Pipeline/Pipeline.php:124
[26-Oct-2017 14:34:58 Asia/Tokyo] PHP  13. Illuminate\Pipeline\Pipeline->Illuminate\Pipeline\{closure}() /home/ubuntu/workspace/crecamania/vendor/laravel/framework/src/Illuminate/Cookie/Middleware/EncryptCookies.php:59
[26-Oct-2017 14:34:58 Asia/Tokyo] PHP  14. call_user_func_array:{/home/ubuntu/workspace/crecamania/vendor/laravel/framework/src/Illuminate/Pipeline/Pipeline.php:124}() /home/ubuntu/workspace/crecamania/vendor/laravel/framework/src/Illuminate/Pipeline/Pipeline.php:124
[26-Oct-2017 14:34:58 Asia/Tokyo] PHP  15. Illuminate\Cookie\Middleware\AddQueuedCookiesToResponse->handle() /home/ubuntu/workspace/crecamania/vendor/laravel/framework/src/Illuminate/Pipeline/Pipeline.php:124
[26-Oct-2017 14:34:58 Asia/Tokyo] PHP  16. Illuminate\Pipeline\Pipeline->Illuminate\Pipeline\{closure}() /home/ubuntu/workspace/crecamania/vendor/laravel/framework/src/Illuminate/Cookie/Middleware/AddQueuedCookiesToResponse.php:37
[26-Oct-2017 14:34:58 Asia/Tokyo] PHP  17. call_user_func_array:{/home/ubuntu/workspace/crecamania/vendor/laravel/framework/src/Illuminate/Pipeline/Pipeline.php:124}() /home/ubuntu/workspace/crecamania/vendor/laravel/framework/src/Illuminate/Pipeline/Pipeline.php:124
[26-Oct-2017 14:34:58 Asia/Tokyo] PHP  18. Illuminate\Session\Middleware\StartSession->handle() /home/ubuntu/workspace/crecamania/vendor/laravel/framework/src/Illuminate/Pipeline/Pipeline.php:124
[26-Oct-2017 14:34:58 Asia/Tokyo] PHP  19. Illuminate\Pipeline\Pipeline->Illuminate\Pipeline\{closure}() /home/ubuntu/workspace/crecamania/vendor/laravel/framework/src/Illuminate/Session/Middleware/StartSession.php:62
[26-Oct-2017 14:34:58 Asia/Tokyo] PHP  20. call_user_func_array:{/home/ubuntu/workspace/crecamania/vendor/laravel/framework/src/Illuminate/Pipeline/Pipeline.php:124}() /home/ubuntu/workspace/crecamania/vendor/laravel/framework/src/Illuminate/Pipeline/Pipeline.php:124
[26-Oct-2017 14:34:58 Asia/Tokyo] PHP  21. Illuminate\View\Middleware\ShareErrorsFromSession->handle() /home/ubuntu/workspace/crecamania/vendor/laravel/framework/src/Illuminate/Pipeline/Pipeline.php:124
[26-Oct-2017 14:34:58 Asia/Tokyo] PHP  22. Illuminate\Pipeline\Pipeline->Illuminate\Pipeline\{closure}() /home/ubuntu/workspace/crecamania/vendor/laravel/framework/src/Illuminate/View/Middleware/ShareErrorsFromSession.php:49
[26-Oct-2017 14:34:58 Asia/Tokyo] PHP  23. call_user_func_array:{/home/ubuntu/workspace/crecamania/vendor/laravel/framework/src/Illuminate/Pipeline/Pipeline.php:124}() /home/ubuntu/workspace/crecamania/vendor/laravel/framework/src/Illuminate/Pipeline/Pipeline.php:124
[26-Oct-2017 14:34:58 Asia/Tokyo] PHP  24. Illuminate\Foundation\Http\Middleware\VerifyCsrfToken->handle() /home/ubuntu/workspace/crecamania/vendor/laravel/framework/src/Illuminate/Pipeline/Pipeline.php:124
[26-Oct-2017 14:34:58 Asia/Tokyo] PHP  25. Illuminate\Pipeline\Pipeline->Illuminate\Pipeline\{closure}() /home/ubuntu/workspace/crecamania/vendor/laravel/framework/src/Illuminate/Foundation/Http/Middleware/VerifyCsrfToken.php:50
[26-Oct-2017 14:34:58 Asia/Tokyo] PHP  26. call_user_func:{/home/ubuntu/workspace/crecamania/vendor/laravel/framework/src/Illuminate/Pipeline/Pipeline.php:139}() /home/ubuntu/workspace/crecamania/vendor/laravel/framework/src/Illuminate/Pipeline/Pipeline.php:139
[26-Oct-2017 14:34:58 Asia/Tokyo] PHP  27. Illuminate\Foundation\Http\Kernel->Illuminate\Foundation\Http\{closure}() /home/ubuntu/workspace/crecamania/vendor/laravel/framework/src/Illuminate/Pipeline/Pipeline.php:139
[26-Oct-2017 14:34:58 Asia/Tokyo] PHP  28. Illuminate\Routing\Router->dispatch() /home/ubuntu/workspace/crecamania/vendor/laravel/framework/src/Illuminate/Foundation/Http/Kernel.php:236
[26-Oct-2017 14:34:58 Asia/Tokyo] PHP  29. Illuminate\Routing\Router->dispatchToRoute() /home/ubuntu/workspace/crecamania/vendor/laravel/framework/src/Illuminate/Routing/Router.php:635
[26-Oct-2017 14:34:58 Asia/Tokyo] PHP  30. Illuminate\Routing\Router->runRouteWithinStack() /home/ubuntu/workspace/crecamania/vendor/laravel/framework/src/Illuminate/Routing/Router.php:675
[26-Oct-2017 14:34:58 Asia/Tokyo] PHP  31. Illuminate\Pipeline\Pipeline->then() /home/ubuntu/workspace/crecamania/vendor/laravel/framework/src/Illuminate/Routing/Router.php:710
[26-Oct-2017 14:34:58 Asia/Tokyo] PHP  32. call_user_func:{/home/ubuntu/workspace/crecamania/vendor/laravel/framework/src/Illuminate/Pipeline/Pipeline.php:103}() /home/ubuntu/workspace/crecamania/vendor/laravel/framework/src/Illuminate/Pipeline/Pipeline.php:103
[26-Oct-2017 14:34:58 Asia/Tokyo] PHP  33. Illuminate\Pipeline\Pipeline->Illuminate\Pipeline\{closure}() /home/ubuntu/workspace/crecamania/vendor/laravel/framework/src/Illuminate/Pipeline/Pipeline.php:103
[26-Oct-2017 14:34:58 Asia/Tokyo] PHP  34. call_user_func:{/home/ubuntu/workspace/crecamania/vendor/laravel/framework/src/Illuminate/Pipeline/Pipeline.php:139}() /home/ubuntu/workspace/crecamania/vendor/laravel/framework/src/Illuminate/Pipeline/Pipeline.php:139
[26-Oct-2017 14:34:58 Asia/Tokyo] PHP  35. Illuminate\Routing\Router->Illuminate\Routing\{closure}() /home/ubuntu/workspace/crecamania/vendor/laravel/framework/src/Illuminate/Pipeline/Pipeline.php:139
[26-Oct-2017 14:34:58 Asia/Tokyo] PHP  36. Illuminate\Routing\Route->run() /home/ubuntu/workspace/crecamania/vendor/laravel/framework/src/Illuminate/Routing/Router.php:708
[26-Oct-2017 14:34:58 Asia/Tokyo] PHP  37. Illuminate\Routing\Route->runWithCustomDispatcher() /home/ubuntu/workspace/crecamania/vendor/laravel/framework/src/Illuminate/Routing/Route.php:134
[26-Oct-2017 14:34:58 Asia/Tokyo] PHP  38. Illuminate\Routing\ControllerDispatcher->dispatch() /home/ubuntu/workspace/crecamania/vendor/laravel/framework/src/Illuminate/Routing/Route.php:203
[26-Oct-2017 14:34:58 Asia/Tokyo] PHP  39. Illuminate\Routing\ControllerDispatcher->callWithinStack() /home/ubuntu/workspace/crecamania/vendor/laravel/framework/src/Illuminate/Routing/ControllerDispatcher.php:69
[26-Oct-2017 14:34:58 Asia/Tokyo] PHP  40. Illuminate\Pipeline\Pipeline->then() /home/ubuntu/workspace/crecamania/vendor/laravel/framework/src/Illuminate/Routing/ControllerDispatcher.php:114
[26-Oct-2017 14:34:58 Asia/Tokyo] PHP  41. call_user_func:{/home/ubuntu/workspace/crecamania/vendor/laravel/framework/src/Illuminate/Pipeline/Pipeline.php:103}() /home/ubuntu/workspace/crecamania/vendor/laravel/framework/src/Illuminate/Pipeline/Pipeline.php:103
[26-Oct-2017 14:34:58 Asia/Tokyo] PHP  42. Illuminate\Pipeline\Pipeline->Illuminate\Pipeline\{closure}() /home/ubuntu/workspace/crecamania/vendor/laravel/framework/src/Illuminate/Pipeline/Pipeline.php:103
[26-Oct-2017 14:34:58 Asia/Tokyo] PHP  43. call_user_func:{/home/ubuntu/workspace/crecamania/vendor/laravel/framework/src/Illuminate/Pipeline/Pipeline.php:139}() /home/ubuntu/workspace/crecamania/vendor/laravel/framework/src/Illuminate/Pipeline/Pipeline.php:139
[26-Oct-2017 14:34:58 Asia/Tokyo] PHP  44. Illuminate\Routing\ControllerDispatcher->Illuminate\Routing\{closure}() /home/ubuntu/workspace/crecamania/vendor/laravel/framework/src/Illuminate/Pipeline/Pipeline.php:139
[26-Oct-2017 14:34:58 Asia/Tokyo] PHP  45. Illuminate\Routing\Router->prepareResponse() /home/ubuntu/workspace/crecamania/vendor/laravel/framework/src/Illuminate/Routing/ControllerDispatcher.php:113
[26-Oct-2017 14:34:58 Asia/Tokyo] PHP  46. Symfony\Component\HttpFoundation\Response->__construct() /home/ubuntu/workspace/crecamania/vendor/laravel/framework/src/Illuminate/Routing/Router.php:1229
[26-Oct-2017 14:34:58 Asia/Tokyo] PHP  47. Illuminate\Http\Response->setContent() /home/ubuntu/workspace/crecamania/vendor/symfony/http-foundation/Response.php:200
[26-Oct-2017 14:34:58 Asia/Tokyo] PHP  48. Illuminate\View\View->render() /home/ubuntu/workspace/crecamania/vendor/laravel/framework/src/Illuminate/Http/Response.php:51
[26-Oct-2017 14:34:58 Asia/Tokyo] PHP  49. Illuminate\View\View->renderContents() /home/ubuntu/workspace/crecamania/vendor/laravel/framework/src/Illuminate/View/View.php:83
[26-Oct-2017 14:34:58 Asia/Tokyo] PHP  50. Illuminate\View\View->getContents() /home/ubuntu/workspace/crecamania/vendor/laravel/framework/src/Illuminate/View/View.php:118
[26-Oct-2017 14:34:58 Asia/Tokyo] PHP  51. Illuminate\View\Engines\CompilerEngine->get() /home/ubuntu/workspace/crecamania/vendor/laravel/framework/src/Illuminate/View/View.php:147
[26-Oct-2017 14:34:58 Asia/Tokyo] PHP  52. Illuminate\View\Engines\PhpEngine->evaluatePath() /home/ubuntu/workspace/crecamania/vendor/laravel/framework/src/Illuminate/View/Engines/CompilerEngine.php:58
[26-Oct-2017 14:54:00 Asia/Tokyo] PHP Parse error:  syntax error, unexpected ',' in /home/ubuntu/workspace/crecamania/storage/framework/views/a140de295da2841c738a4f1d1e7b74df on line 38
[26-Oct-2017 14:54:00 Asia/Tokyo] PHP Stack trace:
[26-Oct-2017 14:54:00 Asia/Tokyo] PHP   1. {main}() /home/ubuntu/workspace/crecamania/server.php:0
[26-Oct-2017 14:54:00 Asia/Tokyo] PHP   2. require_once() /home/ubuntu/workspace/crecamania/server.php:21
[26-Oct-2017 14:54:00 Asia/Tokyo] PHP   3. Illuminate\Foundation\Http\Kernel->handle() /home/ubuntu/workspace/crecamania/public/index.php:54
[26-Oct-2017 14:54:00 Asia/Tokyo] PHP   4. Illuminate\Foundation\Http\Kernel->sendRequestThroughRouter() /home/ubuntu/workspace/crecamania/vendor/laravel/framework/src/Illuminate/Foundation/Http/Kernel.php:87
[26-Oct-2017 14:54:00 Asia/Tokyo] PHP   5. Illuminate\Pipeline\Pipeline->then() /home/ubuntu/workspace/crecamania/vendor/laravel/framework/src/Illuminate/Foundation/Http/Kernel.php:122
[26-Oct-2017 14:54:00 Asia/Tokyo] PHP   6. call_user_func:{/home/ubuntu/workspace/crecamania/vendor/laravel/framework/src/Illuminate/Pipeline/Pipeline.php:103}() /home/ubuntu/workspace/crecamania/vendor/laravel/framework/src/Illuminate/Pipeline/Pipeline.php:103
[26-Oct-2017 14:54:00 Asia/Tokyo] PHP   7. Illuminate\Pipeline\Pipeline->Illuminate\Pipeline\{closure}() /home/ubuntu/workspace/crecamania/vendor/laravel/framework/src/Illuminate/Pipeline/Pipeline.php:103
[26-Oct-2017 14:54:00 Asia/Tokyo] PHP   8. call_user_func_array:{/home/ubuntu/workspace/crecamania/vendor/laravel/framework/src/Illuminate/Pipeline/Pipeline.php:124}() /home/ubuntu/workspace/crecamania/vendor/laravel/framework/src/Illuminate/Pipeline/Pipeline.php:124
[26-Oct-2017 14:54:00 Asia/Tokyo] PHP   9. Illuminate\Foundation\Http\Middleware\CheckForMaintenanceMode->handle() /home/ubuntu/workspace/crecamania/vendor/laravel/framework/src/Illuminate/Pipeline/Pipeline.php:124
[26-Oct-2017 14:54:00 Asia/Tokyo] PHP  10. Illuminate\Pipeline\Pipeline->Illuminate\Pipeline\{closure}() /home/ubuntu/workspace/crecamania/vendor/laravel/framework/src/Illuminate/Foundation/Http/Middleware/CheckForMaintenanceMode.php:44
[26-Oct-2017 14:54:00 Asia/Tokyo] PHP  11. call_user_func_array:{/home/ubuntu/workspace/crecamania/vendor/laravel/framework/src/Illuminate/Pipeline/Pipeline.php:124}() /home/ubuntu/workspace/crecamania/vendor/laravel/framework/src/Illuminate/Pipeline/Pipeline.php:124
[26-Oct-2017 14:54:00 Asia/Tokyo] PHP  12. Illuminate\Cookie\Middleware\EncryptCookies->handle() /home/ubuntu/workspace/crecamania/vendor/laravel/framework/src/Illuminate/Pipeline/Pipeline.php:124
[26-Oct-2017 14:54:00 Asia/Tokyo] PHP  13. Illuminate\Pipeline\Pipeline->Illuminate\Pipeline\{closure}() /home/ubuntu/workspace/crecamania/vendor/laravel/framework/src/Illuminate/Cookie/Middleware/EncryptCookies.php:59
[26-Oct-2017 14:54:00 Asia/Tokyo] PHP  14. call_user_func_array:{/home/ubuntu/workspace/crecamania/vendor/laravel/framework/src/Illuminate/Pipeline/Pipeline.php:124}() /home/ubuntu/workspace/crecamania/vendor/laravel/framework/src/Illuminate/Pipeline/Pipeline.php:124
[26-Oct-2017 14:54:00 Asia/Tokyo] PHP  15. Illuminate\Cookie\Middleware\AddQueuedCookiesToResponse->handle() /home/ubuntu/workspace/crecamania/vendor/laravel/framework/src/Illuminate/Pipeline/Pipeline.php:124
[26-Oct-2017 14:54:00 Asia/Tokyo] PHP  16. Illuminate\Pipeline\Pipeline->Illuminate\Pipeline\{closure}() /home/ubuntu/workspace/crecamania/vendor/laravel/framework/src/Illuminate/Cookie/Middleware/AddQueuedCookiesToResponse.php:37
[26-Oct-2017 14:54:00 Asia/Tokyo] PHP  17. call_user_func_array:{/home/ubuntu/workspace/crecamania/vendor/laravel/framework/src/Illuminate/Pipeline/Pipeline.php:124}() /home/ubuntu/workspace/crecamania/vendor/laravel/framework/src/Illuminate/Pipeline/Pipeline.php:124
[26-Oct-2017 14:54:00 Asia/Tokyo] PHP  18. Illuminate\Session\Middleware\StartSession->handle() /home/ubuntu/workspace/crecamania/vendor/laravel/framework/src/Illuminate/Pipeline/Pipeline.php:124
[26-Oct-2017 14:54:00 Asia/Tokyo] PHP  19. Illuminate\Pipeline\Pipeline->Illuminate\Pipeline\{closure}() /home/ubuntu/workspace/crecamania/vendor/laravel/framework/src/Illuminate/Session/Middleware/StartSession.php:62
[26-Oct-2017 14:54:00 Asia/Tokyo] PHP  20. call_user_func_array:{/home/ubuntu/workspace/crecamania/vendor/laravel/framework/src/Illuminate/Pipeline/Pipeline.php:124}() /home/ubuntu/workspace/crecamania/vendor/laravel/framework/src/Illuminate/Pipeline/Pipeline.php:124
[26-Oct-2017 14:54:00 Asia/Tokyo] PHP  21. Illuminate\View\Middleware\ShareErrorsFromSession->handle() /home/ubuntu/workspace/crecamania/vendor/laravel/framework/src/Illuminate/Pipeline/Pipeline.php:124
[26-Oct-2017 14:54:00 Asia/Tokyo] PHP  22. Illuminate\Pipeline\Pipeline->Illuminate\Pipeline\{closure}() /home/ubuntu/workspace/crecamania/vendor/laravel/framework/src/Illuminate/View/Middleware/ShareErrorsFromSession.php:49
[26-Oct-2017 14:54:00 Asia/Tokyo] PHP  23. call_user_func_array:{/home/ubuntu/workspace/crecamania/vendor/laravel/framework/src/Illuminate/Pipeline/Pipeline.php:124}() /home/ubuntu/workspace/crecamania/vendor/laravel/framework/src/Illuminate/Pipeline/Pipeline.php:124
[26-Oct-2017 14:54:00 Asia/Tokyo] PHP  24. Illuminate\Foundation\Http\Middleware\VerifyCsrfToken->handle() /home/ubuntu/workspace/crecamania/vendor/laravel/framework/src/Illuminate/Pipeline/Pipeline.php:124
[26-Oct-2017 14:54:00 Asia/Tokyo] PHP  25. Illuminate\Pipeline\Pipeline->Illuminate\Pipeline\{closure}() /home/ubuntu/workspace/crecamania/vendor/laravel/framework/src/Illuminate/Foundation/Http/Middleware/VerifyCsrfToken.php:50
[26-Oct-2017 14:54:00 Asia/Tokyo] PHP  26. call_user_func:{/home/ubuntu/workspace/crecamania/vendor/laravel/framework/src/Illuminate/Pipeline/Pipeline.php:139}() /home/ubuntu/workspace/crecamania/vendor/laravel/framework/src/Illuminate/Pipeline/Pipeline.php:139
[26-Oct-2017 14:54:00 Asia/Tokyo] PHP  27. Illuminate\Foundation\Http\Kernel->Illuminate\Foundation\Http\{closure}() /home/ubuntu/workspace/crecamania/vendor/laravel/framework/src/Illuminate/Pipeline/Pipeline.php:139
[26-Oct-2017 14:54:00 Asia/Tokyo] PHP  28. Illuminate\Routing\Router->dispatch() /home/ubuntu/workspace/crecamania/vendor/laravel/framework/src/Illuminate/Foundation/Http/Kernel.php:236
[26-Oct-2017 14:54:00 Asia/Tokyo] PHP  29. Illuminate\Routing\Router->dispatchToRoute() /home/ubuntu/workspace/crecamania/vendor/laravel/framework/src/Illuminate/Routing/Router.php:635
[26-Oct-2017 14:54:00 Asia/Tokyo] PHP  30. Illuminate\Routing\Router->runRouteWithinStack() /home/ubuntu/workspace/crecamania/vendor/laravel/framework/src/Illuminate/Routing/Router.php:675
[26-Oct-2017 14:54:00 Asia/Tokyo] PHP  31. Illuminate\Pipeline\Pipeline->then() /home/ubuntu/workspace/crecamania/vendor/laravel/framework/src/Illuminate/Routing/Router.php:710
[26-Oct-2017 14:54:00 Asia/Tokyo] PHP  32. call_user_func:{/home/ubuntu/workspace/crecamania/vendor/laravel/framework/src/Illuminate/Pipeline/Pipeline.php:103}() /home/ubuntu/workspace/crecamania/vendor/laravel/framework/src/Illuminate/Pipeline/Pipeline.php:103
[26-Oct-2017 14:54:00 Asia/Tokyo] PHP  33. Illuminate\Pipeline\Pipeline->Illuminate\Pipeline\{closure}() /home/ubuntu/workspace/crecamania/vendor/laravel/framework/src/Illuminate/Pipeline/Pipeline.php:103
[26-Oct-2017 14:54:00 Asia/Tokyo] PHP  34. call_user_func:{/home/ubuntu/workspace/crecamania/vendor/laravel/framework/src/Illuminate/Pipeline/Pipeline.php:139}() /home/ubuntu/workspace/crecamania/vendor/laravel/framework/src/Illuminate/Pipeline/Pipeline.php:139
[26-Oct-2017 14:54:00 Asia/Tokyo] PHP  35. Illuminate\Routing\Router->Illuminate\Routing\{closure}() /home/ubuntu/workspace/crecamania/vendor/laravel/framework/src/Illuminate/Pipeline/Pipeline.php:139
[26-Oct-2017 14:54:00 Asia/Tokyo] PHP  36. Illuminate\Routing\Route->run() /home/ubuntu/workspace/crecamania/vendor/laravel/framework/src/Illuminate/Routing/Router.php:708
[26-Oct-2017 14:54:00 Asia/Tokyo] PHP  37. Illuminate\Routing\Route->runWithCustomDispatcher() /home/ubuntu/workspace/crecamania/vendor/laravel/framework/src/Illuminate/Routing/Route.php:134
[26-Oct-2017 14:54:00 Asia/Tokyo] PHP  38. Illuminate\Routing\ControllerDispatcher->dispatch() /home/ubuntu/workspace/crecamania/vendor/laravel/framework/src/Illuminate/Routing/Route.php:203
[26-Oct-2017 14:54:00 Asia/Tokyo] PHP  39. Illuminate\Routing\ControllerDispatcher->callWithinStack() /home/ubuntu/workspace/crecamania/vendor/laravel/framework/src/Illuminate/Routing/ControllerDispatcher.php:69
[26-Oct-2017 14:54:00 Asia/Tokyo] PHP  40. Illuminate\Pipeline\Pipeline->then() /home/ubuntu/workspace/crecamania/vendor/laravel/framework/src/Illuminate/Routing/ControllerDispatcher.php:114
[26-Oct-2017 14:54:00 Asia/Tokyo] PHP  41. call_user_func:{/home/ubuntu/workspace/crecamania/vendor/laravel/framework/src/Illuminate/Pipeline/Pipeline.php:103}() /home/ubuntu/workspace/crecamania/vendor/laravel/framework/src/Illuminate/Pipeline/Pipeline.php:103
[26-Oct-2017 14:54:00 Asia/Tokyo] PHP  42. Illuminate\Pipeline\Pipeline->Illuminate\Pipeline\{closure}() /home/ubuntu/workspace/crecamania/vendor/laravel/framework/src/Illuminate/Pipeline/Pipeline.php:103
[26-Oct-2017 14:54:00 Asia/Tokyo] PHP  43. call_user_func:{/home/ubuntu/workspace/crecamania/vendor/laravel/framework/src/Illuminate/Pipeline/Pipeline.php:139}() /home/ubuntu/workspace/crecamania/vendor/laravel/framework/src/Illuminate/Pipeline/Pipeline.php:139
[26-Oct-2017 14:54:00 Asia/Tokyo] PHP  44. Illuminate\Routing\ControllerDispatcher->Illuminate\Routing\{closure}() /home/ubuntu/workspace/crecamania/vendor/laravel/framework/src/Illuminate/Pipeline/Pipeline.php:139
[26-Oct-2017 14:54:00 Asia/Tokyo] PHP  45. Illuminate\Routing\Router->prepareResponse() /home/ubuntu/workspace/crecamania/vendor/laravel/framework/src/Illuminate/Routing/ControllerDispatcher.php:113
[26-Oct-2017 14:54:00 Asia/Tokyo] PHP  46. Symfony\Component\HttpFoundation\Response->__construct() /home/ubuntu/workspace/crecamania/vendor/laravel/framework/src/Illuminate/Routing/Router.php:1229
[26-Oct-2017 14:54:00 Asia/Tokyo] PHP  47. Illuminate\Http\Response->setContent() /home/ubuntu/workspace/crecamania/vendor/symfony/http-foundation/Response.php:200
[26-Oct-2017 14:54:00 Asia/Tokyo] PHP  48. Illuminate\View\View->render() /home/ubuntu/workspace/crecamania/vendor/laravel/framework/src/Illuminate/Http/Response.php:51
[26-Oct-2017 14:54:00 Asia/Tokyo] PHP  49. Illuminate\View\View->renderContents() /home/ubuntu/workspace/crecamania/vendor/laravel/framework/src/Illuminate/View/View.php:83
[26-Oct-2017 14:54:00 Asia/Tokyo] PHP  50. Illuminate\View\View->getContents() /home/ubuntu/workspace/crecamania/vendor/laravel/framework/src/Illuminate/View/View.php:118
[26-Oct-2017 14:54:00 Asia/Tokyo] PHP  51. Illuminate\View\Engines\CompilerEngine->get() /home/ubuntu/workspace/crecamania/vendor/laravel/framework/src/Illuminate/View/View.php:147
[26-Oct-2017 14:54:00 Asia/Tokyo] PHP  52. Illuminate\View\Engines\PhpEngine->evaluatePath() /home/ubuntu/workspace/crecamania/vendor/laravel/framework/src/Illuminate/View/Engines/CompilerEngine.php:58
